[03:35:53] [ServerMain/INFO]: [bootstrap] Running Java 21 (OpenJDK 64-Bit Server VM 21.0.5+11-Ubuntu-1ubuntu120.04; Ubuntu null) on Linux 6.5.0-1025-azure (amd64)
[03:35:53] [ServerMain/INFO]: [bootstrap] Loading Paper 1.21-130-master@b1b5d4c (2024-08-10T10:02:42Z) for Minecraft 1.21
[03:35:53] [ServerMain/INFO]: [PluginInitializerManager] Initializing plugins...
[03:35:54] [ServerMain/INFO]: [PluginInitializerManager] Initialized 3 plugins
[03:35:54] [ServerMain/INFO]: [PluginInitializerManager] Bukkit plugins (3):
 - Geyser-Spigot (2.6.0-SNAPSHOT), ViaVersion (5.2.0), floodgate (2.2.3-SNAPSHOT (b114-83fbd6e))
[03:35:58] [ServerMain/INFO]: Environment: Environment[sessionHost=https://sessionserver.mojang.com, servicesHost=https://api.minecraftservices.com, name=PROD]
[03:36:00] [ServerMain/INFO]: Loaded 1290 recipes
[03:36:00] [ServerMain/INFO]: Loaded 1399 advancements
[03:36:00] [Server thread/INFO]: Starting minecraft server version 1.21
[03:36:00] [Server thread/INFO]: Loading properties
[03:36:00] [Server thread/INFO]: This server is running Paper version 1.21-130-master@b1b5d4c (2024-08-10T10:02:42Z) (Implementing API version 1.21-R0.1-SNAPSHOT)
[03:36:01] [Server thread/INFO]: [spark] This server bundles the spark profiler. For more information please visit https://docs.papermc.io/paper/profiling
[03:36:01] [Server thread/INFO]: Server Ping Player Sample Count: 12
[03:36:01] [Server thread/INFO]: Using 4 threads for Netty based IO
[03:36:02] [Server thread/INFO]: [ChunkTaskScheduler] Chunk system is using 1 I/O threads, 1 worker threads, and population gen parallelism of 1 threads
[03:36:02] [Server thread/INFO]: Default game type: SURVIVAL
[03:36:02] [Server thread/INFO]: Generating keypair
[03:36:02] [Server thread/INFO]: Starting Minecraft server on *:25565
[03:36:02] [Server thread/INFO]: Using epoll channel type
[03:36:02] [Server thread/INFO]: Paper: Using libdeflate (Linux x86_64) compression from Velocity.
[03:36:02] [Server thread/INFO]: Paper: Using OpenSSL 1.1.x (Linux x86_64) cipher from Velocity.
[03:36:03] [Server thread/INFO]: [floodgate] Loading server plugin floodgate v2.2.3-SNAPSHOT (b114-83fbd6e)
[03:36:05] [Server thread/WARN]: [floodgate] en_ is not a supported Floodgate language.
[03:36:05] [Server thread/INFO]: [floodgate] Took 2,217ms to boot Floodgate
[03:36:05] [Server thread/INFO]: [ViaVersion] Loading server plugin ViaVersion v5.2.0
[03:36:05] [Server thread/INFO]: [ViaVersion] ViaVersion 5.2.0 is now loaded. Registering protocol transformers and injecting...
[03:36:06] [Via-Mappingloader-0/INFO]: [ViaVersion] Loading block connection mappings ...
[03:36:06] [Via-Mappingloader-0/INFO]: [ViaVersion] Using FastUtil Long2ObjectOpenHashMap for block connections
[03:36:07] [Server thread/INFO]: [Geyser-Spigot] Loading server plugin Geyser-Spigot v2.6.0-SNAPSHOT
[03:36:09] [Server thread/INFO]: [Geyser-Spigot] Loading extensions...
[03:36:09] [Server thread/INFO]: [Geyser-Spigot] Loaded 0 extension(s)
[03:36:09] [Server thread/INFO]: Server permissions file permissions.yml is empty, ignoring it
[03:36:09] [Server thread/WARN]: **** SERVER IS RUNNING IN OFFLINE/INSECURE MODE!
[03:36:09] [Server thread/WARN]: The server will make no attempt to authenticate usernames. Beware.
[03:36:09] [Server thread/WARN]: While this makes the game possible to play without internet access, it also opens up the ability for hackers to connect with any username they choose.
[03:36:09] [Server thread/WARN]: To change this, set "online-mode" to "true" in the server.properties file.
[03:36:09] [Server thread/INFO]: Preparing level "world"
[03:36:10] [Server thread/INFO]: Preparing start region for dimension minecraft:overworld
[03:36:11] [Server thread/INFO]: Time elapsed: 1186 ms
[03:36:11] [Server thread/INFO]: Preparing start region for dimension minecraft:the_nether
[03:36:11] [Server thread/INFO]: Time elapsed: 221 ms
[03:36:11] [Server thread/INFO]: Preparing start region for dimension minecraft:the_end
[03:36:11] [Server thread/INFO]: Time elapsed: 144 ms
[03:36:11] [Server thread/INFO]: [floodgate] Enabling floodgate v2.2.3-SNAPSHOT (b114-83fbd6e)
[03:36:12] [Server thread/INFO]: [ViaVersion] Enabling ViaVersion v5.2.0
[03:36:12] [Server thread/INFO]: [ViaVersion] ViaVersion detected server version: 1.21-1.21.1 (767)
[03:36:12] [Server thread/INFO]: [Geyser-Spigot] Enabling Geyser-Spigot v2.6.0-SNAPSHOT
[03:36:13] [Server thread/INFO]: [spark] Starting background profiler...
[03:36:13] [Server thread/INFO]: [Geyser-Spigot] ******************************************
[03:36:13] [Server thread/INFO]: [Geyser-Spigot] 
[03:36:13] [Server thread/INFO]: [Geyser-Spigot] Loading Geyser version 2.6.0-b739 (git-master-623ec2b)
[03:36:13] [Server thread/INFO]: [Geyser-Spigot] 
[03:36:13] [Server thread/INFO]: [Geyser-Spigot] ******************************************
[03:36:20] [epollEventLoopGroup-3-1/INFO]: [Geyser-Spigot] Started Geyser on UDP port 3483
[03:36:20] [Server thread/INFO]: [Geyser-Spigot] Done (7.3s)! Run /geyser help for help!
[03:36:21] [Server thread/INFO]: Done preparing level "world" (11.619s)
[03:36:21] [Server thread/INFO]: Running delayed init tasks
[03:36:21] [Craft Scheduler Thread - 2 - ViaVersion/INFO]: [ViaVersion] Finished mapping loading, shutting down loader executor.
[03:36:21] [Server thread/INFO]: Done (28.347s)! For help, type "help"
[03:36:21] [Server thread/INFO]: Timings Reset
[03:36:42] [epollEventLoopGroup-4-1/INFO]: [Geyser-Spigot] Player connected with username AfterThingsX
[03:36:42] [localSession-7-2/INFO]: [Geyser-Spigot] AfterThingsX (logged in as: AfterThingsX) has connected to the Java server
[03:36:42] [Server thread/INFO]: [floodgate] Floodgate player logged in as .AfterThingsX joined (UUID: 00000000-0000-0000-0009-01fef3c3b815)
[03:36:43] [Server thread/INFO]: .AfterThingsX joined the game
[03:36:43] [Server thread/INFO]: .AfterThingsX[/127.0.0.1:0] logged in with entity id 19 at ([world]-100.5, 66.0, -55.5)
[03:37:40] [User Authenticator #0/INFO]: UUID of player Th1ngsWASD is 66043ea6-1a9d-3e0f-a421-0eadd33ff3fa
[03:37:47] [localSession-7-2/INFO]: [Geyser-Spigot] AfterThingsX has disconnected from the Java server because of Bedrock client disconnected
[03:37:47] [Geyser Spigot connection thread-6-3/INFO]: [floodgate] Floodgate player logged in as .AfterThingsX disconnected
[03:37:47] [Server thread/INFO]: .AfterThingsX lost connection: Disconnected
[03:37:47] [Server thread/INFO]: .AfterThingsX left the game
[03:37:47] [Server thread/INFO]: Th1ngsWASD joined the game
[03:37:47] [Server thread/INFO]: Th1ngsWASD[/127.62.57.134:60375] logged in with entity id 666 at ([world]-94.5, 72.0, -65.5)
[03:44:02] [Server thread/INFO]: Th1ngsWASD has made the advancement [Stone Age]
[03:44:44] [Server thread/INFO]: Th1ngsWASD has made the advancement [Getting an Upgrade]
[03:47:33] [Server thread/INFO]: Th1ngsWASD has made the advancement [Monster Hunter]
[03:50:12] [epollEventLoopGroup-4-2/INFO]: [Geyser-Spigot] Player connected with username CL PANDX
[03:50:12] [localSession-7-3/INFO]: [Geyser-Spigot] CL PANDX (logged in as: CL_PANDX) has connected to the Java server
[03:50:13] [Server thread/INFO]: [floodgate] Floodgate player logged in as .CL_PANDX joined (UUID: 00000000-0000-0000-0009-01fe1c501990)
[03:50:13] [Server thread/INFO]: .CL_PANDX joined the game
[03:50:13] [Server thread/INFO]: .CL_PANDX[/127.0.0.1:0] logged in with entity id 2316 at ([world]-99.5, 63.0, -71.5)
[03:51:51] [Async Chat Thread - #0/INFO]: [Not Secure] <Th1ngsWASD> va bien el server?
[03:52:11] [Async Chat Thread - #0/INFO]: [Not Secure] <Th1ngsWASD> ?
[03:53:54] [Server thread/INFO]: .CL_PANDX has made the advancement [Stone Age]
[03:54:02] [Server thread/INFO]: .CL_PANDX has made the advancement [Monster Hunter]
[03:54:32] [Server thread/INFO]: .CL_PANDX has made the advancement [Getting an Upgrade]
[03:56:26] [Async Chat Thread - #2/INFO]: [Not Secure] <Th1ngsWASD> foto
[03:56:28] [Async Chat Thread - #2/INFO]: [Not Secure] <Th1ngsWASD> ven
[03:56:49] [Async Chat Thread - #2/INFO]: [Not Secure] <Th1ngsWASD> no te agaches
[03:57:05] [Async Chat Thread - #2/INFO]: [Not Secure] <Th1ngsWASD> ya
[04:05:57] [Async Chat Thread - #4/INFO]: [Not Secure] <.CL_PANDX> te fuistes?
[04:06:07] [Async Chat Thread - #4/INFO]: [Not Secure] <Th1ngsWASD> estoy por aca
[04:06:41] [Async Chat Thread - #4/INFO]: [Not Secure] <.CL_PANDX> mmm yo voy intertar de contruir una casa
[04:06:47] [Async Chat Thread - #4/INFO]: [Not Secure] <Th1ngsWASD> como quieras
[04:06:50] [Async Chat Thread - #4/INFO]: [Not Secure] <Th1ngsWASD> el server es libre
[04:07:06] [Async Chat Thread - #4/INFO]: [Not Secure] <.CL_PANDX> bueno
[04:09:22] [Server thread/INFO]: Th1ngsWASD has made the advancement [Sweet Dreams]
[04:09:26] [Async Chat Thread - #6/INFO]: [Not Secure] <Th1ngsWASD> salte un momento pa dormir
[04:09:47] [Geyser Spigot connection thread-6-4/INFO]: [floodgate] Floodgate player logged in as .CL_PANDX disconnected
[04:09:47] [localSession-7-3/INFO]: [Geyser-Spigot] CL PANDX has disconnected from the Java server because of Bedrock client disconnected
[04:09:47] [Server thread/INFO]: .CL_PANDX lost connection: Disconnected
[04:09:47] [Server thread/INFO]: .CL_PANDX left the game
[04:11:27] [epollEventLoopGroup-4-3/INFO]: [Geyser-Spigot] Bedrock user with ip: /127.0.0.1 has disconnected for reason Please log into Xbox to join this server.
[04:11:46] [epollEventLoopGroup-4-4/INFO]: [Geyser-Spigot] Player connected with username CL PANDX
[04:11:46] [localSession-7-4/INFO]: [Geyser-Spigot] CL PANDX (logged in as: CL_PANDX) has connected to the Java server
[04:11:47] [Server thread/INFO]: [floodgate] Floodgate player logged in as .CL_PANDX joined (UUID: 00000000-0000-0000-0009-01fe1c501990)
[04:11:47] [Server thread/INFO]: .CL_PANDX joined the game
[04:11:47] [Server thread/INFO]: .CL_PANDX[/127.0.0.1:0] logged in with entity id 5804 at ([world]-163.26558, 75.0, -188.33237)
[04:12:03] [User Authenticator #1/INFO]: UUID of player iFeelingsBOT is ee73a967-2441-3af2-963e-f9354fc05141
[04:12:06] [Server thread/INFO]: iFeelingsBOT joined the game
[04:12:06] [Server thread/INFO]: iFeelingsBOT[/127.245.44.190:39687] logged in with entity id 5869 at ([world]-104.5, 67.0, -61.5)
[04:13:03] [Async Chat Thread - #8/INFO]: [Not Secure] <Th1ngsWASD> entra a dc dieog
[04:13:06] [Async Chat Thread - #8/INFO]: [Not Secure] <Th1ngsWASD> diego
[04:13:49] [Async Chat Thread - #8/INFO]: [Not Secure] <iFeelingsBOT> juan
[04:13:51] [Async Chat Thread - #8/INFO]: [Not Secure] <Th1ngsWASD> dime
[04:14:03] [Async Chat Thread - #8/INFO]: [Not Secure] <iFeelingsBOT> este no es el spawn q me enseñaste
[04:14:14] [Async Chat Thread - #8/INFO]: [Not Secure] <Th1ngsWASD> tuve que re-hacer el mundo
[04:14:23] [Async Chat Thread - #8/INFO]: [Not Secure] <Th1ngsWASD> este mundo esta hecho para bedrock y java
[04:14:28] [Async Chat Thread - #8/INFO]: [Not Secure] <Th1ngsWASD> el que te mostre es solo para java
[04:14:36] [Async Chat Thread - #8/INFO]: [Not Secure] <iFeelingsBOT> qle spawn jopo
[04:14:41] [Async Chat Thread - #8/INFO]: [Not Secure] <Th1ngsWASD> lastimosamente
[04:15:12] [Server thread/INFO]: iFeelingsBOT has made the advancement [Stone Age]
[04:15:24] [Server thread/INFO]: iFeelingsBOT has made the advancement [Getting an Upgrade]
[04:16:20] [Async Chat Thread - #10/INFO]: [Not Secure] <Th1ngsWASD> para mañana pondre un anti-xray
[04:16:27] [Async Chat Thread - #10/INFO]: [Not Secure] <iFeelingsBOT> pa jesu
[04:16:38] [Async Chat Thread - #10/INFO]: [Not Secure] <Th1ngsWASD> sip, ya puedo ponerlo
[04:16:47] [Async Chat Thread - #10/INFO]: [Not Secure] <iFeelingsBOT> aueno
[04:16:57] [Async Chat Thread - #10/INFO]: [Not Secure] <Th1ngsWASD> entra al discord
[04:17:03] [Async Chat Thread - #10/INFO]: [Not Secure] <iFeelingsBOT> voy
[04:22:52] [Server thread/INFO]: iFeelingsBOT has made the advancement [Acquire Hardware]
[04:25:36] [Server thread/INFO]: iFeelingsBOT has made the advancement [Sweet Dreams]
[04:25:41] [Async Chat Thread - #12/INFO]: [Not Secure] <iFeelingsBOT> duerman
[04:25:44] [Async Chat Thread - #12/INFO]: [Not Secure] <iFeelingsBOT> o salganse
[04:25:57] [Geyser Spigot connection thread-6-1/INFO]: [floodgate] Floodgate player logged in as .CL_PANDX disconnected
[04:25:57] [localSession-7-4/INFO]: [Geyser-Spigot] CL PANDX has disconnected from the Java server because of Bedrock client disconnected
[04:25:57] [Server thread/INFO]: .CL_PANDX lost connection: Disconnected
[04:25:57] [Server thread/INFO]: .CL_PANDX left the game
[04:26:24] [epollEventLoopGroup-4-1/INFO]: [Geyser-Spigot] Player connected with username CL PANDX
[04:26:24] [localSession-7-1/INFO]: [Geyser-Spigot] CL PANDX (logged in as: CL_PANDX) has connected to the Java server
[04:26:25] [Server thread/INFO]: [floodgate] Floodgate player logged in as .CL_PANDX joined (UUID: 00000000-0000-0000-0009-01fe1c501990)
[04:26:25] [Server thread/INFO]: .CL_PANDX joined the game
[04:26:25] [Server thread/INFO]: .CL_PANDX[/127.0.0.1:0] logged in with entity id 10103 at ([world]-164.37177, 64.0, -189.62245)
[04:30:04] [epollEventLoopGroup-4-2/INFO]: [Geyser-Spigot] Player connected with username Daniel73606
[04:30:04] [localSession-7-2/INFO]: [Geyser-Spigot] Daniel73606 (logged in as: Daniel73606) has connected to the Java server
[04:30:04] [Server thread/INFO]: [floodgate] Floodgate player logged in as .Daniel73606 joined (UUID: 00000000-0000-0000-0009-01f3280f2be0)
[04:30:04] [Server thread/INFO]: .Daniel73606 joined the game
[04:30:04] [Server thread/INFO]: .Daniel73606[/127.0.0.1:0] logged in with entity id 11170 at ([world]-88.5, 63.0, -72.5)
[04:31:18] [Server thread/INFO]: iFeelingsBOT has made the advancement [Monster Hunter]
[04:31:32] [Server thread/INFO]: iFeelingsBOT has made the advancement [Not Today, Thank You]
[04:35:07] [Server thread/INFO]: iFeelingsBOT has made the advancement [Isn't It Iron Pick]
[04:35:34] [Server thread/INFO]: iFeelingsBOT has made the advancement [Suit Up]
[04:35:43] [Server thread/WARN]: .Daniel73606 moved wrongly!
[04:35:56] [Server thread/INFO]: .Daniel73606 has made the advancement [Stone Age]
[04:36:09] [Server thread/INFO]: Th1ngsWASD has made the advancement [Acquire Hardware]
[04:36:20] [Server thread/INFO]: Th1ngsWASD has made the advancement [Isn't It Iron Pick]
[04:38:40] [Server thread/INFO]: Th1ngsWASD has made the advancement [Suit Up]
[04:40:16] [Async Chat Thread - #14/INFO]: [Not Secure] <Th1ngsWASD> -324
[04:40:19] [Async Chat Thread - #14/INFO]: [Not Secure] <Th1ngsWASD> -89
[04:40:29] [Server thread/INFO]: .Daniel73606 has made the advancement [Monster Hunter]
[04:43:19] [Server thread/INFO]: Th1ngsWASD has made the advancement [Not Today, Thank You]
[04:44:03] [Server thread/INFO]: iFeelingsBOT has made the advancement [Diamonds!]
[04:49:01] [Server thread/INFO]: [Not Secure] [Server] iFeelingsBOT gay
[04:49:30] [Server thread/INFO]: You whisper to iFeelingsBOT: gay
[04:50:10] [Server thread/INFO]: You whisper to iFeelingsBOT: gay
[04:51:56] [Server thread/INFO]: You whisper to iFeelingsBOT: gay
[04:52:28] [Server thread/INFO]: Made Th1ngsWASD a server operator
[04:55:50] [Server thread/INFO]: Th1ngsWASD issued server command: /list
[04:56:06] [Server thread/INFO]: Th1ngsWASD issued server command: /msg iFeelingsBOT gay
[04:56:27] [Server thread/INFO]: Th1ngsWASD issued server command: /msg iFeelingsBOT gay
[04:57:38] [Server thread/INFO]: Th1ngsWASD issued server command: /msg iFeelingsBOT cordenadas?
[04:57:54] [Server thread/INFO]: .Daniel73606 has made the advancement [Getting an Upgrade]
[04:58:08] [Async Chat Thread - #20/INFO]: [Not Secure] <iFeelingsBOT> -332 -48 -253
[05:00:25] [Server thread/INFO]: .Daniel73606 has made the advancement [Acquire Hardware]
[05:00:51] [Server thread/INFO]: .Daniel73606 has made the advancement [Suit Up]
[05:00:58] [Server thread/INFO]: iFeelingsBOT has made the advancement [Cover Me with Diamonds]
[05:04:22] [Server thread/WARN]: .CL_PANDX moved wrongly!
[05:11:57] [Server thread/INFO]: .Daniel73606 has made the advancement [Isn't It Iron Pick]
[05:12:10] [Server thread/INFO]: Th1ngsWASD has made the advancement [Diamonds!]
[05:17:30] [Server thread/INFO]: Unknown or incomplete command, see below for error
k<--[HERE]
[05:17:50] [Server thread/INFO]: You whisper to Th1ngsWASD: .
[05:17:50] [Server thread/INFO]: You whisper to iFeelingsBOT: .
[05:17:50] [Server thread/INFO]: You whisper to .CL_PANDX: .
[05:17:50] [Server thread/INFO]: You whisper to .Daniel73606: .
[05:19:32] [Server thread/INFO]: Th1ngsWASD lost connection: Timed out
[05:19:32] [Server thread/INFO]: Th1ngsWASD left the game
[05:20:30] [User Authenticator #2/INFO]: UUID of player Th1ngsWASD is 66043ea6-1a9d-3e0f-a421-0eadd33ff3fa
[05:20:31] [Server thread/INFO]: Th1ngsWASD joined the game
[05:20:31] [Server thread/INFO]: Th1ngsWASD[/127.62.57.134:35613] logged in with entity id 29240 at ([world]-367.6380034114639, -28.0, -255.69999998807907)
[05:22:20] [Server thread/INFO]: Th1ngsWASD lost connection: Timed out
[05:22:20] [Server thread/INFO]: Th1ngsWASD left the game
[05:22:36] [User Authenticator #3/INFO]: UUID of player Th1ngsWASD is 66043ea6-1a9d-3e0f-a421-0eadd33ff3fa
[05:22:37] [Server thread/INFO]: Th1ngsWASD joined the game
[05:22:37] [Server thread/INFO]: Th1ngsWASD[/127.62.57.134:46413] logged in with entity id 29645 at ([world]-373.4093856727809, -27.0, -255.15061393720268)
[05:23:09] [Server thread/INFO]: iFeelingsBOT lost connection: Disconnected
[05:23:09] [Server thread/INFO]: iFeelingsBOT left the game
[05:23:34] [User Authenticator #3/INFO]: UUID of player iFeelingsBOT is ee73a967-2441-3af2-963e-f9354fc05141
[05:23:35] [Server thread/INFO]: iFeelingsBOT joined the game
[05:23:35] [Server thread/INFO]: iFeelingsBOT[/127.245.44.190:43459] logged in with entity id 29831 at ([world]-367.78640959531486, -25.0, -255.35126628105039)
[05:24:52] [Server thread/INFO]: .Daniel73606 has made the advancement [Diamonds!]
[05:26:33] [Server thread/INFO]: Th1ngsWASD lost connection: Timed out
[05:26:33] [Server thread/INFO]: Th1ngsWASD left the game
[05:26:51] [User Authenticator #4/INFO]: UUID of player Th1ngsWASD is 66043ea6-1a9d-3e0f-a421-0eadd33ff3fa
[05:26:52] [Server thread/INFO]: Th1ngsWASD joined the game
[05:26:52] [Server thread/INFO]: Th1ngsWASD[/127.62.57.134:55309] logged in with entity id 30678 at ([world]-417.30000001192093, -46.0, -304.30000001192093)
[05:28:32] [Server thread/INFO]: Th1ngsWASD has made the advancement [Ice Bucket Challenge]
[05:29:16] [Server thread/INFO]: .Daniel73606 has made the advancement [Not Today, Thank You]
[05:30:44] [Server thread/INFO]: iFeelingsBOT has made the advancement [Best Friends Forever]
[05:34:55] [Server thread/INFO]: iFeelingsBOT issued server command: /msg
[05:35:16] [Server thread/INFO]: iFeelingsBOT issued server command: /msg .CL_PANDX holaaa
[05:39:03] [Server thread/INFO]: .Daniel73606 has made the advancement [Sweet Dreams]
[05:39:23] [Async Chat Thread - #24/INFO]: [Not Secure] <iFeelingsBOT> duerme
[05:39:49] [Server thread/INFO]: Unknown or incomplete command, see below for error
m<--[HERE]
[05:39:53] [Async Chat Thread - #24/INFO]: [Not Secure] <Th1ngsWASD> duerman
[05:39:59] [Async Chat Thread - #24/INFO]: [Not Secure] <iFeelingsBOT> duermannn
[05:40:20] [Async Chat Thread - #24/INFO]: [Not Secure] <iFeelingsBOT> o salgan
[05:40:24] [Async Chat Thread - #24/INFO]: [Not Secure] <iFeelingsBOT> un momento
[05:40:33] [localSession-7-1/INFO]: [Geyser-Spigot] CL PANDX has disconnected from the Java server because of Bedrock client disconnected
[05:40:33] [Geyser Spigot connection thread-6-2/INFO]: [floodgate] Floodgate player logged in as .CL_PANDX disconnected
[05:40:33] [Server thread/INFO]: .CL_PANDX lost connection: Disconnected
[05:40:33] [Server thread/INFO]: .CL_PANDX left the game
[05:40:51] [localSession-7-2/INFO]: [Geyser-Spigot] Daniel73606 has disconnected from the Java server because of Bedrock client disconnected
[05:40:51] [Geyser Spigot connection thread-6-3/INFO]: [floodgate] Floodgate player logged in as .Daniel73606 disconnected
[05:40:51] [Server thread/INFO]: .Daniel73606 lost connection: Disconnected
[05:40:51] [Server thread/INFO]: .Daniel73606 left the game
[05:41:08] [epollEventLoopGroup-4-3/INFO]: [Geyser-Spigot] Player connected with username CL PANDX
[05:41:08] [localSession-7-3/INFO]: [Geyser-Spigot] CL PANDX (logged in as: CL_PANDX) has connected to the Java server
[05:41:08] [Server thread/INFO]: [floodgate] Floodgate player logged in as .CL_PANDX joined (UUID: 00000000-0000-0000-0009-01fe1c501990)
[05:41:08] [Server thread/INFO]: .CL_PANDX joined the game
[05:41:08] [Server thread/INFO]: .CL_PANDX[/127.0.0.1:0] logged in with entity id 34885 at ([world]-158.0384, 63.0, -183.24783)
[05:41:12] [epollEventLoopGroup-4-4/INFO]: [Geyser-Spigot] Player connected with username Daniel73606
[05:41:12] [localSession-7-4/INFO]: [Geyser-Spigot] Daniel73606 (logged in as: Daniel73606) has connected to the Java server
[05:41:12] [Server thread/INFO]: [floodgate] Floodgate player logged in as .Daniel73606 joined (UUID: 00000000-0000-0000-0009-01f3280f2be0)
[05:41:12] [Server thread/INFO]: .Daniel73606 joined the game
[05:41:12] [Server thread/INFO]: .Daniel73606[/127.0.0.1:0] logged in with entity id 34908 at ([world]-414.85812, 79.0, -171.63391)
[05:41:22] [Server thread/INFO]: Th1ngsWASD lost connection: Disconnected
[05:41:22] [Server thread/INFO]: Th1ngsWASD left the game
[05:48:53] [Async Chat Thread - #26/INFO]: [Not Secure] <iFeelingsBOT> daniel
[05:49:30] [Async Chat Thread - #26/INFO]: [Not Secure] <iFeelingsBOT> yegen
[05:49:52] [Async Chat Thread - #26/INFO]: [Not Secure] <iFeelingsBOT> este es la casa de panda
[05:50:10] [User Authenticator #5/INFO]: UUID of player Th1ngsWASD is 66043ea6-1a9d-3e0f-a421-0eadd33ff3fa
[05:50:11] [Server thread/INFO]: Th1ngsWASD joined the game
[05:50:11] [Server thread/INFO]: Th1ngsWASD[/127.62.57.134:37643] logged in with entity id 37238 at ([world]-491.15010828899085, 64.0, -332.71468567503126)
[05:50:29] [Async Chat Thread - #26/INFO]: [Not Secure] <iFeelingsBOT> unete al dc
[05:50:49] [Async Chat Thread - #26/INFO]: [Not Secure] <Th1ngsWASD> nawdnaw
[05:50:51] [Server thread/INFO]: .Daniel73606 has made the advancement [Cover Me with Diamonds]
[05:51:24] [Async Chat Thread - #26/INFO]: [Not Secure] <iFeelingsBOT> ola
[05:51:41] [Server thread/WARN]: .Daniel73606 moved wrongly!
[05:52:32] [Async Chat Thread - #28/INFO]: [Not Secure] <iFeelingsBOT> danielll
[05:52:39] [Async Chat Thread - #28/INFO]: [Not Secure] <iFeelingsBOT> entra al dc
[05:52:55] [Async Chat Thread - #28/INFO]: [Not Secure] <iFeelingsBOT> panda quiere q nos vayamos:(
[05:53:23] [Async Chat Thread - #28/INFO]: [Not Secure] <iFeelingsBOT> daniel siguene
[05:54:49] [Async Chat Thread - #30/INFO]: [Not Secure] <iFeelingsBOT> daniel
[05:55:17] [Async Chat Thread - #30/INFO]: [Not Secure] <iFeelingsBOT> no le pegues
[05:55:26] [Async Chat Thread - #30/INFO]: [Not Secure] <iFeelingsBOT> ya esta sentado
[05:55:36] [Async Chat Thread - #30/INFO]: [Not Secure] <Th1ngsWASD> saul
[05:55:39] [Async Chat Thread - #30/INFO]: [Not Secure] <Th1ngsWASD> entra a discord
[05:56:46] [Async Chat Thread - #32/INFO]: [Not Secure] <.Daniel73606> tw voy a matar a ese cule perro
[05:57:03] [Async Chat Thread - #32/INFO]: [Not Secure] <iFeelingsBOT> JAJJAJJAJA
[05:57:26] [Async Chat Thread - #32/INFO]: [Not Secure] <iFeelingsBOT> lo matas y te mato hasta en el free fire
[05:58:42] [Async Chat Thread - #34/INFO]: [Not Secure] <Th1ngsWASD> -968
[05:58:47] [Async Chat Thread - #34/INFO]: [Not Secure] <Th1ngsWASD> -1170
[06:03:10] [Server thread/INFO]: You whisper to iFeelingsBOT: gay
[06:10:04] [Server thread/WARN]: .CL_PANDX moved wrongly!
[06:10:06] [Server thread/WARN]: .CL_PANDX moved wrongly!
[06:14:15] [Server thread/INFO]: .CL_PANDX has made the advancement [Sweet Dreams]
[06:15:44] [Server thread/INFO]: You whisper to iFeelingsBOT: gay
[06:18:39] [Server thread/INFO]: Th1ngsWASD has made the advancement [We Need to Go Deeper]
[06:18:57] [Server thread/INFO]: iFeelingsBOT has made the advancement [We Need to Go Deeper]
[06:19:20] [Async Chat Thread - #38/INFO]: [Not Secure] <Th1ngsWASD> pero la queria tanto
[06:19:22] [Async Chat Thread - #38/INFO]: [Not Secure] <Th1ngsWASD> que daba igual
[06:19:30] [localSession-7-4/INFO]: [Geyser-Spigot] Daniel73606 has disconnected from the Java server because of Bedrock client disconnected
[06:19:30] [Geyser Spigot connection thread-6-1/INFO]: [floodgate] Floodgate player logged in as .Daniel73606 disconnected
[06:19:30] [Server thread/INFO]: .Daniel73606 lost connection: Disconnected
[06:19:30] [Server thread/INFO]: .Daniel73606 left the game
[06:19:40] [Server thread/INFO]: You whisper to iFeelingsBOT: pq 5 minutos con ella significaba 10 minutos con cualquier otra
[06:19:40] [Server thread/INFO]: You whisper to .CL_PANDX: pq 5 minutos con ella significaba 10 minutos con cualquier otra
[06:19:40] [Server thread/INFO]: You whisper to Th1ngsWASD: pq 5 minutos con ella significaba 10 minutos con cualquier otra
[06:20:21] [Async Chat Thread - #38/INFO]: [Not Secure] <.CL_PANDX> nooo! esa no!!
[06:29:51] [localSession-7-3/INFO]: [Geyser-Spigot] CL PANDX has disconnected from the Java server because of Bedrock client timed out
[06:29:51] [Geyser Spigot connection thread-6-4/INFO]: [floodgate] Floodgate player logged in as .CL_PANDX disconnected
[06:29:51] [Server thread/INFO]: .CL_PANDX lost connection: Disconnected
[06:29:51] [Server thread/INFO]: .CL_PANDX left the game
[06:30:16] [epollEventLoopGroup-4-1/INFO]: [Geyser-Spigot] Player connected with username CL PANDX
[06:30:16] [localSession-7-1/INFO]: [Geyser-Spigot] CL PANDX (logged in as: CL_PANDX) has connected to the Java server
[06:30:16] [Server thread/INFO]: [floodgate] Floodgate player logged in as .CL_PANDX joined (UUID: 00000000-0000-0000-0009-01fe1c501990)
[06:30:16] [Server thread/INFO]: .CL_PANDX joined the game
[06:30:16] [Server thread/INFO]: .CL_PANDX[/127.0.0.1:0] logged in with entity id 55444 at ([world]-163.6011, 60.0, -188.50829)
[06:32:43] [Server thread/WARN]: .CL_PANDX moved too quickly! -9.659019999999998,-2.9547799999999995,1.313369999999992
[06:36:43] [Geyser Spigot connection thread-6-2/INFO]: [floodgate] Floodgate player logged in as .CL_PANDX disconnected
[06:36:43] [localSession-7-1/INFO]: [Geyser-Spigot] CL PANDX has disconnected from the Java server because of Bedrock client timed out
[06:36:43] [Server thread/INFO]: .CL_PANDX lost connection: Disconnected
[06:36:43] [Server thread/INFO]: .CL_PANDX left the game
[06:37:27] [epollEventLoopGroup-4-2/INFO]: [Geyser-Spigot] Player connected with username CL PANDX
[06:37:27] [localSession-7-2/INFO]: [Geyser-Spigot] CL PANDX (logged in as: CL_PANDX) has connected to the Java server
[06:37:28] [Server thread/INFO]: [floodgate] Floodgate player logged in as .CL_PANDX joined (UUID: 00000000-0000-0000-0009-01fe1c501990)
[06:37:28] [Server thread/INFO]: .CL_PANDX joined the game
[06:37:28] [Server thread/INFO]: .CL_PANDX[/127.0.0.1:0] logged in with entity id 57068 at ([world]-192.3663, 60.0, -178.48088)
[06:42:07] [Server thread/WARN]: .CL_PANDX moved wrongly!
[06:42:49] [localSession-7-2/INFO]: [Geyser-Spigot] CL PANDX has disconnected from the Java server because of Bedrock client timed out
[06:42:49] [Geyser Spigot connection thread-6-3/INFO]: [floodgate] Floodgate player logged in as .CL_PANDX disconnected
[06:42:49] [Server thread/INFO]: .CL_PANDX lost connection: Disconnected
[06:42:49] [Server thread/INFO]: .CL_PANDX left the game
[06:43:25] [epollEventLoopGroup-4-3/INFO]: [Geyser-Spigot] Player connected with username CL PANDX
[06:43:25] [localSession-7-3/INFO]: [Geyser-Spigot] CL PANDX (logged in as: CL_PANDX) has connected to the Java server
[06:43:25] [Server thread/INFO]: [floodgate] Floodgate player logged in as .CL_PANDX joined (UUID: 00000000-0000-0000-0009-01fe1c501990)
[06:43:25] [Server thread/INFO]: .CL_PANDX joined the game
[06:43:25] [Server thread/INFO]: .CL_PANDX[/127.0.0.1:0] logged in with entity id 58428 at ([world]-191.07376, 58.0, -177.58562)
[06:43:48] [localSession-7-3/INFO]: [Geyser-Spigot] CL PANDX has disconnected from the Java server because of Bedrock client timed out
[06:43:48] [Geyser Spigot connection thread-6-4/INFO]: [floodgate] Floodgate player logged in as .CL_PANDX disconnected
[06:43:48] [Server thread/INFO]: .CL_PANDX lost connection: Disconnected
[06:43:48] [Server thread/INFO]: .CL_PANDX left the game
[06:44:35] [epollEventLoopGroup-4-4/INFO]: [Geyser-Spigot] Player connected with username CL PANDX
[06:44:35] [localSession-7-4/INFO]: [Geyser-Spigot] CL PANDX (logged in as: CL_PANDX) has connected to the Java server
[06:44:36] [Server thread/INFO]: [floodgate] Floodgate player logged in as .CL_PANDX joined (UUID: 00000000-0000-0000-0009-01fe1c501990)
[06:44:36] [Server thread/INFO]: .CL_PANDX joined the game
[06:44:36] [Server thread/INFO]: .CL_PANDX[/127.0.0.1:0] logged in with entity id 58694 at ([world]-191.07376, 58.0, -177.58562)
[06:44:48] [localSession-7-4/INFO]: [Geyser-Spigot] CL PANDX has disconnected from the Java server because of Bedrock client timed out
[06:44:48] [Geyser Spigot connection thread-6-1/INFO]: [floodgate] Floodgate player logged in as .CL_PANDX disconnected
[06:44:48] [Server thread/INFO]: .CL_PANDX lost connection: Disconnected
[06:44:48] [Server thread/INFO]: .CL_PANDX left the game
[06:45:13] [epollEventLoopGroup-4-1/INFO]: [Geyser-Spigot] Player connected with username CL PANDX
[06:45:13] [localSession-7-1/INFO]: [Geyser-Spigot] CL PANDX (logged in as: CL_PANDX) has connected to the Java server
[06:45:13] [Server thread/INFO]: [floodgate] Floodgate player logged in as .CL_PANDX joined (UUID: 00000000-0000-0000-0009-01fe1c501990)
[06:45:13] [Server thread/INFO]: .CL_PANDX joined the game
[06:45:13] [Server thread/INFO]: .CL_PANDX[/127.0.0.1:0] logged in with entity id 58892 at ([world]-191.07376, 58.0, -177.58562)
[06:45:47] [Geyser Spigot connection thread-6-2/INFO]: [floodgate] Floodgate player logged in as .CL_PANDX disconnected
[06:45:47] [localSession-7-1/INFO]: [Geyser-Spigot] CL PANDX has disconnected from the Java server because of Bedrock client timed out
[06:45:47] [Server thread/INFO]: .CL_PANDX lost connection: Disconnected
[06:45:47] [Server thread/INFO]: .CL_PANDX left the game
[06:46:22] [Async Chat Thread - #40/INFO]: [Not Secure] <Th1ngsWASD> kAWDKakdaKWD
[06:46:22] [epollEventLoopGroup-4-2/INFO]: [Geyser-Spigot] Player connected with username CL PANDX
[06:46:22] [localSession-7-2/INFO]: [Geyser-Spigot] CL PANDX (logged in as: CL_PANDX) has connected to the Java server
[06:46:22] [Server thread/INFO]: [floodgate] Floodgate player logged in as .CL_PANDX joined (UUID: 00000000-0000-0000-0009-01fe1c501990)
[06:46:22] [Server thread/INFO]: .CL_PANDX joined the game
[06:46:22] [Server thread/INFO]: .CL_PANDX[/127.0.0.1:0] logged in with entity id 59158 at ([world]-191.15791, 58.0, -177.16415)
[06:48:39] [Async Chat Thread - #42/INFO]: [Not Secure] <Th1ngsWASD> kis
[06:49:41] [Async Chat Thread - #44/INFO]: [Not Secure] <Th1ngsWASD> jawjdajwd
[06:49:51] [Async Chat Thread - #44/INFO]: [Not Secure] <iFeelingsBOT> MLP
[06:50:03] [Async Chat Thread - #44/INFO]: [Not Secure] <Th1ngsWASD> ventajas:
[06:50:06] [Async Chat Thread - #44/INFO]: [Not Secure] <Th1ngsWASD> esventajas
[06:50:18] [Async Chat Thread - #44/INFO]: [Not Secure] <Th1ngsWASD> ventajas: cualquier persona puede entrar
[06:50:23] [Async Chat Thread - #44/INFO]: [Not Secure] <Th1ngsWASD> desventajas no se
[06:50:29] [Server thread/INFO]: Th1ngsWASD has made the advancement [Take Aim]
[06:50:38] [Async Chat Thread - #44/INFO]: [Not Secure] <iFeelingsBOT> si no sirve hacer una duplicadora menos granjas
[06:50:52] [Geyser Spigot connection thread-6-3/INFO]: [floodgate] Floodgate player logged in as .CL_PANDX disconnected
[06:50:52] [localSession-7-2/INFO]: [Geyser-Spigot] CL PANDX has disconnected from the Java server because of Bedrock client timed out
[06:50:52] [Server thread/INFO]: .CL_PANDX lost connection: Disconnected
[06:50:52] [Server thread/INFO]: .CL_PANDX left the game
[06:58:12] [Async Chat Thread - #46/INFO]: [Not Secure] <Th1ngsWASD> .-.-.-.
[06:59:56] [User Authenticator #6/INFO]: UUID of player Mr_Manzano is 569c2daa-4ca9-3366-884b-070a302009fa
[06:59:58] [Server thread/INFO]: Mr_Manzano joined the game
[06:59:58] [Server thread/INFO]: Mr_Manzano[/127.241.228.141:55207] logged in with entity id 61319 at ([world]-101.5, 78.0, -53.5)
[07:02:00] [Server thread/INFO]: Mr_Manzano has made the advancement [Stone Age]
[07:02:07] [Server thread/INFO]: Mr_Manzano has made the advancement [Getting an Upgrade]
[07:08:11] [epollEventLoopGroup-4-3/INFO]: [Geyser-Spigot] Player connected with username CL PANDX
[07:08:11] [localSession-7-3/INFO]: [Geyser-Spigot] CL PANDX (logged in as: CL_PANDX) has connected to the Java server
[07:08:11] [Server thread/INFO]: [floodgate] Floodgate player logged in as .CL_PANDX joined (UUID: 00000000-0000-0000-0009-01fe1c501990)
[07:08:11] [Server thread/INFO]: .CL_PANDX joined the game
[07:08:11] [Server thread/INFO]: .CL_PANDX[/127.0.0.1:0] logged in with entity id 63845 at ([world]-162.01364, 63.0, -179.41174)
[07:11:04] [Async Chat Thread - #48/INFO]: [Not Secure] <Mr_Manzano> weputa una mina
[07:11:24] [Async Chat Thread - #48/INFO]: [Not Secure] <.CL_PANDX> xd
[07:11:37] [Async Chat Thread - #48/INFO]: [Not Secure] <Mr_Manzano> sis
[07:11:56] [localSession-7-3/INFO]: [Geyser-Spigot] CL PANDX has disconnected from the Java server because of Bedrock client timed out
[07:11:56] [Geyser Spigot connection thread-6-4/INFO]: [floodgate] Floodgate player logged in as .CL_PANDX disconnected
[07:11:56] [Server thread/INFO]: .CL_PANDX lost connection: Disconnected
[07:11:56] [Server thread/INFO]: .CL_PANDX left the game
[07:12:38] [epollEventLoopGroup-4-4/INFO]: [Geyser-Spigot] Player connected with username CL PANDX
[07:12:38] [localSession-7-4/INFO]: [Geyser-Spigot] CL PANDX (logged in as: CL_PANDX) has connected to the Java server
[07:12:39] [Server thread/INFO]: [floodgate] Floodgate player logged in as .CL_PANDX joined (UUID: 00000000-0000-0000-0009-01fe1c501990)
[07:12:39] [Server thread/INFO]: .CL_PANDX joined the game
[07:12:39] [Server thread/INFO]: .CL_PANDX[/127.0.0.1:0] logged in with entity id 65475 at ([world]-161.07516, 60.0, -189.25928)
[07:12:47] [Async Chat Thread - #50/INFO]: [Not Secure] <Mr_Manzano> pregunta, aun es de dia o ya es de noche
[07:13:31] [Async Chat Thread - #50/INFO]: [Not Secure] <.CL_PANDX> nc esperate estoy asiendo algo
[07:13:39] [Async Chat Thread - #50/INFO]: [Not Secure] <Mr_Manzano> dale
[07:13:43] [Async Chat Thread - #50/INFO]: [Not Secure] <.CL_PANDX> noche
[07:13:59] [localSession-7-4/INFO]: [Geyser-Spigot] CL PANDX has disconnected from the Java server because of Bedrock client timed out
[07:13:59] [Geyser Spigot connection thread-6-1/INFO]: [floodgate] Floodgate player logged in as .CL_PANDX disconnected
[07:13:59] [Server thread/INFO]: .CL_PANDX lost connection: Disconnected
[07:13:59] [Server thread/INFO]: .CL_PANDX left the game
[07:14:07] [Server thread/INFO]: Mr_Manzano has made the advancement [Acquire Hardware]
[07:14:47] [Server thread/INFO]: Mr_Manzano has made the advancement [Isn't It Iron Pick]
[07:15:25] [Async Chat Thread - #52/INFO]: [Not Secure] <Mr_Manzano> XDDDDD
[07:15:49] [Async Chat Thread - #52/INFO]: [Not Secure] <Mr_Manzano> el hombre mas inteligente del universo
[07:15:53] [Server thread/INFO]: iFeelingsBOT has made the advancement [A Terrible Fortress]
[07:15:56] [Server thread/INFO]: Th1ngsWASD has made the advancement [A Terrible Fortress]
[07:16:11] [epollEventLoopGroup-4-1/INFO]: [Geyser-Spigot] Player connected with username CL PANDX
[07:16:11] [localSession-7-1/INFO]: [Geyser-Spigot] CL PANDX (logged in as: CL_PANDX) has connected to the Java server
[07:16:11] [Server thread/INFO]: [floodgate] Floodgate player logged in as .CL_PANDX joined (UUID: 00000000-0000-0000-0009-01fe1c501990)
[07:16:11] [Server thread/INFO]: .CL_PANDX joined the game
[07:16:11] [Server thread/INFO]: .CL_PANDX[/127.0.0.1:0] logged in with entity id 66398 at ([world]-163.1823, 63.0, -188.48141)
[07:16:20] [Server thread/INFO]: Mr_Manzano has made the advancement [Suit Up]
[07:17:05] [Geyser Spigot connection thread-6-2/INFO]: [floodgate] Floodgate player logged in as .CL_PANDX disconnected
[07:17:05] [localSession-7-1/INFO]: [Geyser-Spigot] CL PANDX has disconnected from the Java server because of Bedrock client timed out
[07:17:05] [Server thread/INFO]: .CL_PANDX lost connection: Disconnected
[07:17:05] [Server thread/INFO]: .CL_PANDX left the game
[07:17:26] [Server thread/INFO]: Mr_Manzano has made the advancement [Monster Hunter]
[07:17:52] [Server thread/INFO]: iFeelingsBOT has made the advancement [Into Fire]
[07:18:14] [Server thread/INFO]: Mr_Manzano burned to death
[07:18:19] [Async Chat Thread - #54/INFO]: [Not Secure] <Mr_Manzano> XDDD
[07:18:22] [Async Chat Thread - #54/INFO]: [Not Secure] <Th1ngsWASD> XD
[07:18:29] [Server thread/INFO]: Th1ngsWASD has made the advancement [Into Fire]
[07:20:09] [epollEventLoopGroup-4-2/INFO]: [Geyser-Spigot] Player connected with username CL PANDX
[07:20:09] [localSession-7-2/INFO]: [Geyser-Spigot] CL PANDX (logged in as: CL_PANDX) has connected to the Java server
[07:20:09] [Server thread/INFO]: [floodgate] Floodgate player logged in as .CL_PANDX joined (UUID: 00000000-0000-0000-0009-01fe1c501990)
[07:20:09] [Server thread/INFO]: .CL_PANDX joined the game
[07:20:09] [Server thread/INFO]: .CL_PANDX[/127.0.0.1:0] logged in with entity id 67959 at ([world]-162.13559, 60.0, -188.53665)
[07:21:09] [localSession-7-2/INFO]: [Geyser-Spigot] CL PANDX has disconnected from the Java server because of Bedrock client timed out
[07:21:09] [Geyser Spigot connection thread-6-3/INFO]: [floodgate] Floodgate player logged in as .CL_PANDX disconnected
[07:21:09] [Server thread/INFO]: .CL_PANDX lost connection: Disconnected
[07:21:09] [Server thread/INFO]: .CL_PANDX left the game
[07:22:08] [epollEventLoopGroup-4-3/INFO]: [Geyser-Spigot] Player connected with username CL PANDX
[07:22:08] [localSession-7-3/INFO]: [Geyser-Spigot] CL PANDX (logged in as: CL_PANDX) has connected to the Java server
[07:22:08] [Server thread/INFO]: [floodgate] Floodgate player logged in as .CL_PANDX joined (UUID: 00000000-0000-0000-0009-01fe1c501990)
[07:22:08] [Server thread/INFO]: .CL_PANDX joined the game
[07:22:08] [Server thread/INFO]: .CL_PANDX[/127.0.0.1:0] logged in with entity id 68507 at ([world]-155.4343, 63.0, -187.21071)
[07:23:05] [localSession-7-3/INFO]: [Geyser-Spigot] CL PANDX has disconnected from the Java server because of Bedrock client timed out
[07:23:05] [Geyser Spigot connection thread-6-4/INFO]: [floodgate] Floodgate player logged in as .CL_PANDX disconnected
[07:23:05] [Server thread/INFO]: .CL_PANDX lost connection: Disconnected
[07:23:05] [Server thread/INFO]: .CL_PANDX left the game
[07:24:42] [Async Chat Thread - #56/INFO]: [Not Secure] <Mr_Manzano> odio la lava
[07:25:46] [Server thread/INFO]: Mr_Manzano has made the advancement [Diamonds!]
[07:26:19] [Async Chat Thread - #58/INFO]: [Not Secure] <Mr_Manzano> tengo una etiqueta
[07:26:27] [User Authenticator #7/INFO]: UUID of player iFeelingsKRS2 is 071a4d85-9f2a-3aef-8838-f3fbc08eaad0
[07:26:31] [Server thread/INFO]: iFeelingsKRS2 joined the game
[07:26:31] [Server thread/INFO]: iFeelingsKRS2[/127.205.135.41:60705] logged in with entity id 69523 at ([world]-93.5, 62.0, -71.5)
[07:26:48] [Server thread/INFO]: Th1ngsWASD issued server command: /msg iFeelingsBOT le hago tp a kris?
[07:27:02] [Server thread/INFO]: Th1ngsWASD issued server command: /msg iFeelingsBOT le hago tp a kris?
[07:30:38] [Async Chat Thread - #60/INFO]: [Not Secure] <Mr_Manzano> subir pa abajo ?
[07:30:52] [Server thread/INFO]: iFeelingsKRS2 has made the advancement [Stone Age]
[07:31:21] [Server thread/INFO]: Mr_Manzano has made the advancement [Not Today, Thank You]
[07:31:33] [Server thread/INFO]: iFeelingsKRS2 has made the advancement [Getting an Upgrade]
[07:32:06] [Async Chat Thread - #62/INFO]: [Not Secure] <Mr_Manzano> que paso xdd
[07:32:21] [Server thread/INFO]: iFeelingsKRS2 has made the advancement [Monster Hunter]
[07:33:05] [Async Chat Thread - #62/INFO]: [Not Secure] <Th1ngsWASD> casi se muere de caida
[07:33:15] [Async Chat Thread - #62/INFO]: [Not Secure] <Mr_Manzano> xD
[07:33:55] [Async Chat Thread - #62/INFO]: [Not Secure] <Mr_Manzano> estan en el nether ?
[07:34:09] [Async Chat Thread - #63/INFO]: [Not Secure] <Mr_Manzano> pera
[07:34:27] [Async Chat Thread - #62/INFO]: [Not Secure] <Mr_Manzano> ya
[07:37:06] [Server thread/INFO]: Unknown or incomplete command, see below for error
/msg @a el server se reiniciara en 5 segundos<--[HERE]
[07:37:21] [Async Chat Thread - #64/INFO]: [Not Secure] <Mr_Manzano> avisa
[07:37:29] [Server thread/INFO]: You whisper to iFeelingsBOT: el server se reiniciara en 5 segundos
[07:37:29] [Server thread/INFO]: You whisper to Th1ngsWASD: el server se reiniciara en 5 segundos
[07:37:29] [Server thread/INFO]: You whisper to Mr_Manzano: el server se reiniciara en 5 segundos
[07:37:29] [Server thread/INFO]: You whisper to iFeelingsKRS2: el server se reiniciara en 5 segundos
[07:37:33] [Server thread/INFO]: You whisper to iFeelingsBOT: el server se reiniciara en 4 segundos
[07:37:33] [Server thread/INFO]: You whisper to Th1ngsWASD: el server se reiniciara en 4 segundos
[07:37:33] [Server thread/INFO]: You whisper to Mr_Manzano: el server se reiniciara en 4 segundos
[07:37:33] [Server thread/INFO]: You whisper to iFeelingsKRS2: el server se reiniciara en 4 segundos
[07:37:38] [Server thread/INFO]: You whisper to iFeelingsBOT: el server se reiniciara en 3 segundos
[07:37:38] [Server thread/INFO]: You whisper to Th1ngsWASD: el server se reiniciara en 3 segundos
[07:37:38] [Server thread/INFO]: You whisper to Mr_Manzano: el server se reiniciara en 3 segundos
[07:37:38] [Server thread/INFO]: You whisper to iFeelingsKRS2: el server se reiniciara en 3 segundos
[07:37:44] [Server thread/INFO]: You whisper to iFeelingsBOT: el server se reiniciara en 2 segundos
[07:37:44] [Server thread/INFO]: You whisper to Th1ngsWASD: el server se reiniciara en 2 segundos
[07:37:44] [Server thread/INFO]: You whisper to Mr_Manzano: el server se reiniciara en 2 segundos
[07:37:44] [Server thread/INFO]: You whisper to iFeelingsKRS2: el server se reiniciara en 2 segundos
[07:37:52] [Server thread/INFO]: You whisper to iFeelingsBOT: el server se reiniciara en 1 segundos
[07:37:52] [Server thread/INFO]: You whisper to Th1ngsWASD: el server se reiniciara en 1 segundos
[07:37:52] [Server thread/INFO]: You whisper to Mr_Manzano: el server se reiniciara en 1 segundos
[07:37:52] [Server thread/INFO]: You whisper to iFeelingsKRS2: el server se reiniciara en 1 segundos
[07:37:56] [Server thread/INFO]: Stopping the server
[07:37:56] [Server thread/INFO]: Stopping server
[07:37:56] [Server thread/INFO]: [Geyser-Spigot] Disabling Geyser-Spigot v2.6.0-SNAPSHOT
[07:37:56] [Server thread/INFO]: [Geyser-Spigot] Shutting down Geyser.
[07:37:57] [Server thread/INFO]: [Geyser-Spigot] Geyser shutdown successfully.
[07:37:57] [Server thread/INFO]: [ViaVersion] Disabling ViaVersion v5.2.0
[07:37:57] [Server thread/INFO]: [ViaVersion] ViaVersion has been disabled; uninjected the platform and shut down the scheduler.
[07:37:57] [Server thread/INFO]: [floodgate] Disabling floodgate v2.2.3-SNAPSHOT (b114-83fbd6e)
[07:37:57] [Server thread/INFO]: Saving players
[07:37:57] [Server thread/INFO]: iFeelingsBOT lost connection: Server closed
[07:37:57] [Server thread/INFO]: iFeelingsBOT left the game
[07:37:57] [Server thread/INFO]: Th1ngsWASD lost connection: Server closed
[07:37:57] [Server thread/INFO]: Th1ngsWASD left the game
[07:37:57] [Server thread/INFO]: Mr_Manzano lost connection: Server closed
[07:37:57] [WebSocketConnectReadThread-84/INFO]: [Geyser-Spigot] The skin uploader has been closed
[07:37:57] [Server thread/INFO]: Mr_Manzano left the game
[07:37:57] [Server thread/INFO]: iFeelingsKRS2 lost connection: Server closed
[07:37:57] [Server thread/INFO]: iFeelingsKRS2 left the game
[07:37:57] [Server thread/INFO]: Saving worlds
[07:37:57] [Server thread/INFO]: Saving chunks for level 'ServerLevel[world]'/minecraft:overworld
[07:37:57] [Server thread/INFO]: [ChunkHolderManager] Waiting 60s for chunk system to halt for world 'world'
[07:37:57] [Server thread/INFO]: [ChunkHolderManager] Halted chunk system for world 'world'
[07:37:57] [Server thread/INFO]: [ChunkHolderManager] Saving all chunkholders for world 'world'
[07:37:58] [Server thread/INFO]: [ChunkHolderManager] Saved 579 block chunks, 618 entity chunks, 0 poi chunks in world 'world' in 0.71s
[07:37:58] [Server thread/INFO]: Saving chunks for level 'ServerLevel[world_nether]'/minecraft:the_nether
[07:37:58] [Server thread/INFO]: [ChunkHolderManager] Waiting 60s for chunk system to halt for world 'world_nether'
[07:37:58] [Server thread/INFO]: [ChunkHolderManager] Halted chunk system for world 'world_nether'
[07:37:58] [Server thread/INFO]: [ChunkHolderManager] Saving all chunkholders for world 'world_nether'
[07:37:58] [Server thread/INFO]: [ChunkHolderManager] Saved 154 block chunks, 71 entity chunks, 0 poi chunks in world 'world_nether' in 0.07s
[07:37:58] [Server thread/INFO]: Saving chunks for level 'ServerLevel[world_the_end]'/minecraft:the_end
[07:37:58] [Server thread/INFO]: [ChunkHolderManager] Waiting 60s for chunk system to halt for world 'world_the_end'
[07:37:58] [Server thread/INFO]: [ChunkHolderManager] Halted chunk system for world 'world_the_end'
[07:37:58] [Server thread/INFO]: [ChunkHolderManager] Saving all chunkholders for world 'world_the_end'
[07:37:58] [Server thread/INFO]: [ChunkHolderManager] Saved 0 block chunks, 2 entity chunks, 0 poi chunks in world 'world_the_end' in 0.00s
[07:37:58] [Server thread/INFO]: ThreadedAnvilChunkStorage (world): All chunks are saved
[07:37:58] [Server thread/INFO]: ThreadedAnvilChunkStorage (DIM-1): All chunks are saved
[07:37:58] [Server thread/INFO]: ThreadedAnvilChunkStorage (DIM1): All chunks are saved
[07:37:58] [Server thread/INFO]: ThreadedAnvilChunkStorage: All dimensions are saved
